## SLURM PROLOG ###############################################################
##    Job ID : 12331539
##  Job Name : run_on_gpu.sh
##  Nodelist : gpu2101
##      CPUs : 1
##   Mem/CPU : 2800 MB
## Directory : /oscar/home/sanand14/mc_traffic_optimization
##   Job Started : Fri Dec  8 13:17:27 EST 2023
###############################################################################
rm -rf build
mkdir -p build/src/qubo/
g++ -Wall -O3 -fopenmp -I src -I src/anneal -I src/schwefel -c src/qubo/qubo.cpp -o build/src/qubo/qubo.o
mkdir -p build/src/traffic/
g++ -Wall -O3 -fopenmp -I src -I src/anneal -I src/schwefel -c src/traffic/traffic.cpp -o build/src/traffic/traffic.o
mkdir -p build/src/
nvcc -O3 -c src/main.cu -o build/src/main.o
mkdir -p build/src/schwefel/
nvcc -O3 -c src/schwefel/schwefel_cuda.cu -o build/src/schwefel/schwefel_cuda.o
g++ build/src/qubo/qubo.o build/src/traffic/traffic.o build/src/main.o build/src/schwefel/schwefel_cuda.o  -Wall -O3 -fopenmp -I src -I src/anneal -I src/schwefel -L -lgtest -lgtest_main -pthread -lcudart -L /usr/local/cuda/lib64 -o build/main
Initial cost: 3989.695190
bestcost=3.928e+03 	 tgen=1.000e-02 	 tacc=9.000e-01 	 thread=0
bestcost=3.685e+03 	 tgen=1.000e-02 	 tacc=9.090e-01 	 thread=0
bestcost=3.672e+03 	 tgen=9.999e-03 	 tacc=9.746e-01 	 thread=0
bestcost=3.672e+03 	 tgen=9.999e-03 	 tacc=4.160e-03 	 thread=0
bestcost=3.540e+03 	 tgen=9.999e-03 	 tacc=4.243e-03 	 thread=0
bestcost=3.516e+03 	 tgen=9.999e-03 	 tacc=4.329e-03 	 thread=0
bestcost=3.428e+03 	 tgen=9.998e-03 	 tacc=4.505e-03 	 thread=0
bestcost=3.378e+03 	 tgen=9.998e-03 	 tacc=4.595e-03 	 thread=0
bestcost=3.143e+03 	 tgen=9.997e-03 	 tacc=5.076e-03 	 thread=0
bestcost=3.141e+03 	 tgen=9.997e-03 	 tacc=5.282e-03 	 thread=0
bestcost=3.132e+03 	 tgen=9.996e-03 	 tacc=5.335e-03 	 thread=0
bestcost=3.056e+03 	 tgen=9.995e-03 	 tacc=6.011e-03 	 thread=0
bestcost=2.994e+03 	 tgen=9.995e-03 	 tacc=6.071e-03 	 thread=0
bestcost=2.846e+03 	 tgen=9.994e-03 	 tacc=6.574e-03 	 thread=0
bestcost=2.747e+03 	 tgen=9.994e-03 	 tacc=6.707e-03 	 thread=0
bestcost=2.600e+03 	 tgen=9.994e-03 	 tacc=6.841e-03 	 thread=0
bestcost=2.598e+03 	 tgen=9.994e-03 	 tacc=7.049e-03 	 thread=0
bestcost=2.497e+03 	 tgen=9.992e-03 	 tacc=8.348e-03 	 thread=0
bestcost=2.425e+03 	 tgen=9.992e-03 	 tacc=8.431e-03 	 thread=0
bestcost=2.317e+03 	 tgen=9.991e-03 	 tacc=8.861e-03 	 thread=0
bestcost=2.202e+03 	 tgen=9.991e-03 	 tacc=9.221e-03 	 thread=0
bestcost=2.098e+03 	 tgen=9.990e-03 	 tacc=9.886e-03 	 thread=0
bestcost=1.986e+03 	 tgen=9.990e-03 	 tacc=1.029e-02 	 thread=0
bestcost=1.969e+03 	 tgen=9.990e-03 	 tacc=1.049e-02 	 thread=0
bestcost=1.969e+03 	 tgen=9.988e-03 	 tacc=1.281e-02 	 thread=0
bestcost=1.965e+03 	 tgen=9.986e-03 	 tacc=1.502e-02 	 thread=0
bestcost=1.952e+03 	 tgen=9.986e-03 	 tacc=1.578e-02 	 thread=0
bestcost=1.913e+03 	 tgen=9.985e-03 	 tacc=1.709e-02 	 thread=0
bestcost=1.773e+03 	 tgen=9.985e-03 	 tacc=1.761e-02 	 thread=0
bestcost=1.751e+03 	 tgen=9.983e-03 	 tacc=1.964e-02 	 thread=0
bestcost=1.634e+03 	 tgen=9.983e-03 	 tacc=2.106e-02 	 thread=0
bestcost=1.568e+03 	 tgen=9.982e-03 	 tacc=2.236e-02 	 thread=0
bestcost=1.550e+03 	 tgen=9.980e-03 	 tacc=2.839e-02 	 thread=0
bestcost=1.547e+03 	 tgen=9.979e-03 	 tacc=2.925e-02 	 thread=0
bestcost=1.383e+03 	 tgen=9.977e-03 	 tacc=3.677e-02 	 thread=0
bestcost=1.332e+03 	 tgen=9.977e-03 	 tacc=3.751e-02 	 thread=0
bestcost=1.305e+03 	 tgen=9.975e-03 	 tacc=4.715e-02 	 thread=0
bestcost=1.269e+03 	 tgen=9.971e-03 	 tacc=6.882e-02 	 thread=0
bestcost=1.269e+03 	 tgen=9.969e-03 	 tacc=8.397e-02 	 thread=0
bestcost=1.246e+03 	 tgen=9.968e-03 	 tacc=9.462e-02 	 thread=0
bestcost=9.187e+02 	 tgen=9.964e-03 	 tacc=1.314e-01 	 thread=0
bestcost=8.963e+02 	 tgen=9.963e-03 	 tacc=1.541e-01 	 thread=0
bestcost=8.948e+02 	 tgen=9.961e-03 	 tacc=1.843e-01 	 thread=0
bestcost=8.935e+02 	 tgen=9.961e-03 	 tacc=1.880e-01 	 thread=0
bestcost=8.735e+02 	 tgen=9.957e-03 	 tacc=2.690e-01 	 thread=0
bestcost=8.098e+02 	 tgen=9.911e-03 	 tacc=1.191e-02 	 thread=0
bestcost=8.078e+02 	 tgen=9.909e-03 	 tacc=1.512e-02 	 thread=0
bestcost=7.699e+02 	 tgen=9.909e-03 	 tacc=1.543e-02 	 thread=0
bestcost=7.650e+02 	 tgen=9.898e-03 	 tacc=4.702e-02 	 thread=0
bestcost=7.537e+02 	 tgen=9.896e-03 	 tacc=5.404e-02 	 thread=0
bestcost=7.187e+02 	 tgen=9.892e-03 	 tacc=8.627e-02 	 thread=0
bestcost=7.072e+02 	 tgen=9.881e-03 	 tacc=2.656e-01 	 thread=0
bestcost=6.925e+02 	 tgen=9.876e-03 	 tacc=4.074e-01 	 thread=0
bestcost=6.847e+02 	 tgen=9.871e-03 	 tacc=6.767e-01 	 thread=0
bestcost=6.638e+02 	 tgen=9.852e-03 	 tacc=3.399e-02 	 thread=0
bestcost=6.633e+02 	 tgen=9.851e-03 	 tacc=3.793e-02 	 thread=0
bestcost=6.495e+02 	 tgen=9.848e-03 	 tacc=5.591e-02 	 thread=0
bestcost=3.951e+02 	 tgen=9.815e-03 	 tacc=2.570e-03 	 thread=0
bestcost=3.795e+02 	 tgen=9.814e-03 	 tacc=2.621e-03 	 thread=0
bestcost=3.771e+02 	 tgen=9.812e-03 	 tacc=3.231e-03 	 thread=0
bestcost=3.569e+02 	 tgen=9.807e-03 	 tacc=5.313e-03 	 thread=0
bestcost=3.413e+02 	 tgen=9.807e-03 	 tacc=5.474e-03 	 thread=0
bestcost=3.025e+02 	 tgen=9.806e-03 	 tacc=6.355e-03 	 thread=0
bestcost=2.991e+02 	 tgen=9.804e-03 	 tacc=7.832e-03 	 thread=0
bestcost=2.721e+02 	 tgen=9.803e-03 	 tacc=8.314e-03 	 thread=0
bestcost=2.604e+02 	 tgen=9.801e-03 	 tacc=9.945e-03 	 thread=0
bestcost=2.270e+02 	 tgen=9.794e-03 	 tacc=2.056e-02 	 thread=0
bestcost=1.970e+02 	 tgen=9.784e-03 	 tacc=5.673e-02 	 thread=0
bestcost=1.872e+02 	 tgen=9.781e-03 	 tacc=7.496e-02 	 thread=0
bestcost=1.813e+02 	 tgen=9.781e-03 	 tacc=7.647e-02 	 thread=0
bestcost=1.736e+02 	 tgen=9.778e-03 	 tacc=1.094e-01 	 thread=0
bestcost=1.619e+02 	 tgen=9.769e-03 	 tacc=2.574e-01 	 thread=0
bestcost=1.595e+02 	 tgen=9.762e-03 	 tacc=5.270e-01 	 thread=0
bestcost=1.485e+02 	 tgen=9.752e-03 	 tacc=9.787e-03 	 thread=0
bestcost=1.343e+02 	 tgen=9.713e-03 	 tacc=4.886e-01 	 thread=0
bestcost=1.270e+02 	 tgen=9.574e-03 	 tacc=1.034e-02 	 thread=0
bestcost=1.263e+02 	 tgen=8.945e-03 	 tacc=2.165e-03 	 thread=0
bestcost=8.091e+01 	 tgen=8.745e-03 	 tacc=9.606e-01 	 thread=0
bestcost=7.929e+01 	 tgen=8.744e-03 	 tacc=1.049e-02 	 thread=0
bestcost=7.063e+01 	 tgen=8.744e-03 	 tacc=1.147e-02 	 thread=0
bestcost=6.710e+01 	 tgen=8.736e-03 	 tacc=2.753e-02 	 thread=0
bestcost=6.416e+01 	 tgen=8.735e-03 	 tacc=2.922e-02 	 thread=0
bestcost=5.154e+01 	 tgen=8.734e-03 	 tacc=3.260e-02 	 thread=0
bestcost=4.674e+01 	 tgen=8.734e-03 	 tacc=3.293e-02 	 thread=0
bestcost=3.631e+01 	 tgen=8.729e-03 	 tacc=6.287e-02 	 thread=0
bestcost=3.546e+01 	 tgen=8.707e-03 	 tacc=7.342e-01 	 thread=0
bestcost=3.440e+01 	 tgen=8.706e-03 	 tacc=8.030e-01 	 thread=0
bestcost=3.371e+01 	 tgen=8.691e-03 	 tacc=4.120e-02 	 thread=0
bestcost=2.796e+01 	 tgen=8.671e-03 	 tacc=4.488e-01 	 thread=0
bestcost=2.585e+01 	 tgen=8.664e-03 	 tacc=9.466e-01 	 thread=0
bestcost=2.526e+01 	 tgen=8.660e-03 	 tacc=7.360e-03 	 thread=0
bestcost=2.065e+01 	 tgen=8.650e-03 	 tacc=2.243e-02 	 thread=0
bestcost=1.882e+01 	 tgen=8.641e-03 	 tacc=6.837e-02 	 thread=0
bestcost=1.444e+01 	 tgen=8.635e-03 	 tacc=1.267e-01 	 thread=0
bestcost=1.321e+01 	 tgen=8.508e-03 	 tacc=4.415e-03 	 thread=0
bestcost=9.124e+00 	 tgen=8.506e-03 	 tacc=5.719e-03 	 thread=0
bestcost=6.483e+00 	 tgen=8.374e-03 	 tacc=9.137e-03 	 thread=0
bestcost=6.127e+00 	 tgen=8.309e-03 	 tacc=2.612e-02 	 thread=0
bestcost=3.038e+00 	 tgen=7.810e-03 	 tacc=1.099e-02 	 thread=0
bestcost=3.019e+00 	 tgen=7.736e-03 	 tacc=9.408e-01 	 thread=0
bestcost=2.020e+00 	 tgen=7.019e-03 	 tacc=4.187e-02 	 thread=0
bestcost=1.776e+00 	 tgen=6.631e-03 	 tacc=2.788e-02 	 thread=0
bestcost=1.653e+00 	 tgen=4.707e-03 	 tacc=2.455e-03 	 thread=0
bestcost=1.550e+00 	 tgen=4.291e-03 	 tacc=5.907e-03 	 thread=0
bestcost=1.166e+00 	 tgen=4.156e-03 	 tacc=2.653e-02 	 thread=0
bestcost=1.163e+00 	 tgen=3.501e-03 	 tacc=1.120e-02 	 thread=0
bestcost=1.150e+00 	 tgen=3.496e-03 	 tacc=5.236e-02 	 thread=0
bestcost=1.004e+00 	 tgen=3.471e-03 	 tacc=3.843e-01 	 thread=0
bestcost=9.050e-01 	 tgen=3.205e-03 	 tacc=9.903e-03 	 thread=0
bestcost=8.989e-01 	 tgen=2.935e-03 	 tacc=2.735e-01 	 thread=0
bestcost=8.649e-01 	 tgen=2.770e-03 	 tacc=3.033e-01 	 thread=0
bestcost=5.811e-01 	 tgen=2.741e-03 	 tacc=4.007e-02 	 thread=0
bestcost=4.837e-01 	 tgen=2.508e-03 	 tacc=1.804e-02 	 thread=0
bestcost=4.702e-01 	 tgen=2.269e-03 	 tacc=2.464e-02 	 thread=0
bestcost=4.537e-01 	 tgen=2.120e-03 	 tacc=1.876e-02 	 thread=0
bestcost=3.754e-01 	 tgen=2.054e-03 	 tacc=6.268e-01 	 thread=0
bestcost=3.010e-01 	 tgen=1.996e-03 	 tacc=2.210e-02 	 thread=0
bestcost=2.435e-01 	 tgen=1.699e-03 	 tacc=1.252e-01 	 thread=0
bestcost=2.305e-01 	 tgen=1.694e-03 	 tacc=5.965e-03 	 thread=0
bestcost=2.169e-01 	 tgen=1.676e-03 	 tacc=4.508e-01 	 thread=0
bestcost=1.300e-01 	 tgen=1.639e-03 	 tacc=1.899e-01 	 thread=0
bestcost=8.125e-02 	 tgen=1.511e-03 	 tacc=1.176e-01 	 thread=0
bestcost=4.444e-02 	 tgen=1.199e-03 	 tacc=8.212e-01 	 thread=0
bestcost=4.351e-02 	 tgen=8.674e-04 	 tacc=4.427e-02 	 thread=0
bestcost=3.110e-02 	 tgen=6.903e-04 	 tacc=2.593e-02 	 thread=0
bestcost=3.081e-02 	 tgen=6.510e-04 	 tacc=2.106e-01 	 thread=0
bestcost=2.366e-02 	 tgen=6.471e-04 	 tacc=3.448e-01 	 thread=0
bestcost=2.292e-02 	 tgen=6.251e-04 	 tacc=1.552e-01 	 thread=0
bestcost=1.407e-02 	 tgen=5.569e-04 	 tacc=8.111e-02 	 thread=0
bestcost=1.399e-02 	 tgen=5.016e-04 	 tacc=1.375e-01 	 thread=0
bestcost=1.386e-02 	 tgen=4.634e-04 	 tacc=1.212e-02 	 thread=0
bestcost=8.776e-03 	 tgen=4.469e-04 	 tacc=4.594e-01 	 thread=0
bestcost=8.292e-03 	 tgen=4.010e-04 	 tacc=6.239e-01 	 thread=0
bestcost=8.243e-03 	 tgen=3.524e-04 	 tacc=1.784e-03 	 thread=0
bestcost=5.458e-03 	 tgen=3.329e-04 	 tacc=2.286e-01 	 thread=0
bestcost=4.157e-03 	 tgen=3.090e-04 	 tacc=2.429e-01 	 thread=0
bestcost=4.064e-03 	 tgen=2.486e-04 	 tacc=8.277e-02 	 thread=0
bestcost=2.750e-03 	 tgen=2.367e-04 	 tacc=2.449e-02 	 thread=0
bestcost=1.794e-03 	 tgen=2.298e-04 	 tacc=1.833e-02 	 thread=0
bestcost=1.721e-03 	 tgen=1.799e-04 	 tacc=6.066e-03 	 thread=0
bestcost=1.475e-03 	 tgen=1.540e-04 	 tacc=1.573e-01 	 thread=0
bestcost=1.357e-03 	 tgen=1.532e-04 	 tacc=2.133e-02 	 thread=0
bestcost=9.994e-04 	 tgen=1.378e-04 	 tacc=8.984e-03 	 thread=0
bestcost=8.960e-04 	 tgen=1.150e-04 	 tacc=7.512e-03 	 thread=0
bestcost=8.277e-04 	 tgen=1.122e-04 	 tacc=3.288e-01 	 thread=0
bestcost=7.852e-04 	 tgen=1.070e-04 	 tacc=8.778e-02 	 thread=0
bestcost=6.151e-04 	 tgen=8.964e-05 	 tacc=1.836e-02 	 thread=0
bestcost=5.752e-04 	 tgen=8.890e-05 	 tacc=1.699e-01 	 thread=0
bestcost=5.088e-04 	 tgen=8.719e-05 	 tacc=4.879e-01 	 thread=0
bestcost=4.358e-04 	 tgen=8.110e-05 	 tacc=1.106e-01 	 thread=0
bestcost=4.017e-04 	 tgen=6.865e-05 	 tacc=2.767e-01 	 thread=0
bestcost=3.921e-04 	 tgen=6.696e-05 	 tacc=1.035e-01 	 thread=0
bestcost=3.583e-04 	 tgen=6.520e-05 	 tacc=3.369e-01 	 thread=0
bestcost=3.397e-04 	 tgen=5.959e-05 	 tacc=9.177e-02 	 thread=0
bestcost=2.925e-04 	 tgen=5.522e-05 	 tacc=2.470e-01 	 thread=0
bestcost=2.559e-04 	 tgen=4.786e-05 	 tacc=2.959e-02 	 thread=0
bestcost=2.536e-04 	 tgen=4.260e-05 	 tacc=8.525e-03 	 thread=0
bestcost=2.527e-04 	 tgen=3.508e-05 	 tacc=6.473e-03 	 thread=0
bestcost=2.437e-04 	 tgen=3.254e-05 	 tacc=1.096e-01 	 thread=0
bestcost=2.302e-04 	 tgen=3.253e-05 	 tacc=1.364e-01 	 thread=0
bestcost=2.218e-04 	 tgen=3.250e-05 	 tacc=3.800e-01 	 thread=0
bestcost=2.094e-04 	 tgen=3.176e-05 	 tacc=1.922e-03 	 thread=0
bestcost=1.825e-04 	 tgen=2.789e-05 	 tacc=2.430e-02 	 thread=0
bestcost=1.746e-04 	 tgen=2.729e-05 	 tacc=7.065e-03 	 thread=0
bestcost=1.699e-04 	 tgen=2.399e-05 	 tacc=4.329e-01 	 thread=0
bestcost=1.637e-04 	 tgen=2.099e-05 	 tacc=2.340e-01 	 thread=0
bestcost=1.590e-04 	 tgen=1.894e-05 	 tacc=6.264e-02 	 thread=0
bestcost=1.446e-04 	 tgen=1.843e-05 	 tacc=1.345e-03 	 thread=0
bestcost=1.444e-04 	 tgen=1.459e-05 	 tacc=2.508e-02 	 thread=0
bestcost=1.429e-04 	 tgen=1.452e-05 	 tacc=1.334e-02 	 thread=0
bestcost=1.407e-04 	 tgen=1.398e-05 	 tacc=1.059e-02 	 thread=0
bestcost=1.403e-04 	 tgen=1.275e-05 	 tacc=1.308e-02 	 thread=0
bestcost=1.351e-04 	 tgen=1.170e-05 	 tacc=1.901e-01 	 thread=0
bestcost=1.325e-04 	 tgen=1.045e-05 	 tacc=4.192e-01 	 thread=0
bestcost=1.320e-04 	 tgen=9.613e-06 	 tacc=6.514e-04 	 thread=0
bestcost=1.306e-04 	 tgen=8.105e-06 	 tacc=7.289e-01 	 thread=0
bestcost=1.302e-04 	 tgen=6.768e-06 	 tacc=1.877e-02 	 thread=0
bestcost=1.298e-04 	 tgen=6.302e-06 	 tacc=3.772e-03 	 thread=0
bestcost=1.295e-04 	 tgen=5.915e-06 	 tacc=3.375e-02 	 thread=0
bestcost=1.289e-04 	 tgen=5.607e-06 	 tacc=9.840e-01 	 thread=0
bestcost=1.284e-04 	 tgen=5.437e-06 	 tacc=1.165e-02 	 thread=0
bestcost=1.281e-04 	 tgen=5.283e-06 	 tacc=4.864e-02 	 thread=0
bestcost=1.281e-04 	 tgen=4.017e-06 	 tacc=9.716e-01 	 thread=0
bestcost=1.280e-04 	 tgen=3.744e-06 	 tacc=6.122e-03 	 thread=0
bestcost=1.278e-04 	 tgen=2.979e-06 	 tacc=8.483e-03 	 thread=0
bestcost=1.277e-04 	 tgen=2.619e-06 	 tacc=4.232e-01 	 thread=0
bestcost=1.276e-04 	 tgen=2.442e-06 	 tacc=3.009e-01 	 thread=0
bestcost=1.276e-04 	 tgen=2.242e-06 	 tacc=1.678e-01 	 thread=0
bestcost=1.275e-04 	 tgen=2.104e-06 	 tacc=1.014e-02 	 thread=0
bestcost=1.275e-04 	 tgen=1.996e-06 	 tacc=3.395e-01 	 thread=0
bestcost=1.274e-04 	 tgen=1.755e-06 	 tacc=5.478e-03 	 thread=0
bestcost=1.274e-04 	 tgen=1.259e-06 	 tacc=2.075e-01 	 thread=0
bestcost=1.274e-04 	 tgen=1.077e-06 	 tacc=8.722e-01 	 thread=0
bestcost=1.273e-04 	 tgen=1.036e-06 	 tacc=1.208e-02 	 thread=0
bestcost=1.273e-04 	 tgen=8.971e-07 	 tacc=2.559e-01 	 thread=0
bestcost=1.273e-04 	 tgen=8.767e-07 	 tacc=1.034e-02 	 thread=0
bestcost=1.273e-04 	 tgen=8.702e-07 	 tacc=1.067e-01 	 thread=0
bestcost=1.273e-04 	 tgen=8.182e-07 	 tacc=5.799e-02 	 thread=0
bestcost=1.273e-04 	 tgen=7.965e-07 	 tacc=1.197e-02 	 thread=0
bestcost=1.273e-04 	 tgen=7.274e-07 	 tacc=1.466e-02 	 thread=0
bestcost=1.273e-04 	 tgen=6.949e-07 	 tacc=9.883e-02 	 thread=0
bestcost=1.273e-04 	 tgen=6.653e-07 	 tacc=5.254e-03 	 thread=0
bestcost=1.273e-04 	 tgen=5.737e-07 	 tacc=2.127e-01 	 thread=0
bestcost=1.273e-04 	 tgen=5.451e-07 	 tacc=1.321e-02 	 thread=0
bestcost=1.273e-04 	 tgen=4.730e-07 	 tacc=6.574e-02 	 thread=0
Best cost: 0.000127
x =
420.969 420.969 420.969 420.969 420.969 420.969 420.969 420.969 420.969 420.969 
Took 945118 microseconds
